FEHM V3.3.0linUbuntu 15-12-04    03/07/2018    17:09:05
 days,zone, and conduction heat loss(1)
  days =    1.0080000000000000     
     30   -0.73414E-03
***** WARNING *****
nodes and/or zones must be defined for history plot output other than zone fluxes
  days =    2.5080000000000000     
     30   -0.19252E-03
  days =    4.7580000000000000     
     30   -0.11575E-03
  days =    8.1329999999999991     
     30   -0.10108E-03
  days =    13.195499999999999     
     30   -0.97420E-04
  days =    20.789249999999999     
     30   -0.96162E-04
  days =    32.179874999999996     
     30   -0.95681E-04
  days =    49.265812499999996     
     30   -0.95500E-04
  days =    74.894718749999996     
     30   -0.95423E-04
  days =    113.33807812500000     
     30   -0.95379E-04
  days =    171.00311718749998     
     30   -0.95347E-04
  days =    257.50067578124998     
     30   -0.95325E-04
  days =    387.24701367187498     
     30   -0.95309E-04
  days =    581.86652050781254     
     30   -0.95299E-04
  days =    873.79578076171879     
     30   -0.95295E-04
  days =    1239.0457807617188     
     30   -0.95292E-04
  days =    1604.2957807617188     
     30   -0.95290E-04
  days =    1969.5457807617188     
     30   -0.95289E-04
  days =    2334.7957807617186     
     30   -0.95289E-04
  days =    2700.0457807617186     
     30   -0.95289E-04
  days =    3065.2957807617186     
     30   -0.95289E-04
  days =    3430.5457807617186     
     30   -0.95289E-04
  days =    3652.5000000000000     
     30   -0.95288E-04
